Copyright 1986-2019 Xilinx, Inc. All Rights Reserved.
-----------------------------------------------------------------------------------------
| Tool Version      : Vivado v.2019.1 (lin64) Build 2552052 Fri May 24 14:47:09 MDT 2019
| Date              : Thu Nov 18 06:21:42 2021
| Host              : uwlogin running 64-bit CentOS Linux release 7.9.2009 (Core)
| Command           : report_timing_summary -file ./report/algo_top_timing_routed.rpt
| Design            : bd_0_wrapper
| Device            : xcvu9p-flgc2104
| Speed File        : -1  PRODUCTION 1.23 03-18-2019
| Temperature Grade : E
-----------------------------------------------------------------------------------------

Timing Summary Report

------------------------------------------------------------------------------------------------
| Timer Settings
| --------------
------------------------------------------------------------------------------------------------

  Enable Multi Corner Analysis               :  Yes
  Enable Pessimism Removal                   :  Yes
  Pessimism Removal Resolution               :  Nearest Common Node
  Enable Input Delay Default Clock           :  No
  Enable Preset / Clear Arcs                 :  No
  Disable Flight Delays                      :  No
  Ignore I/O Paths                           :  No
  Timing Early Launch at Borrowing Latches   :  No
  Borrow Time for Max Delay Exceptions       :  Yes

  Corner  Analyze    Analyze    
  Name    Max Paths  Min Paths  
  ------  ---------  ---------  
  Slow    Yes        Yes        
  Fast    Yes        Yes        



check_timing report

Table of Contents
-----------------
1. checking no_clock
2. checking constant_clock
3. checking pulse_width_clock
4. checking unconstrained_internal_endpoints
5. checking no_input_delay
6. checking no_output_delay
7. checking multiple_clock
8. checking generated_clocks
9. checking loops
10. checking partial_input_delay
11. checking partial_output_delay
12. checking latch_loops

1. checking no_clock
--------------------
 There are 0 register/latch pins with no clock.


2. checking constant_clock
--------------------------
 There are 0 register/latch pins with constant_clock.


3. checking pulse_width_clock
-----------------------------
 There are 0 register/latch pins which need pulse_width check


4. checking unconstrained_internal_endpoints
--------------------------------------------
 There are 0 pins that are not constrained for maximum delay.

 There are 0 pins that are not constrained for maximum delay due to constant clock.


5. checking no_input_delay
--------------------------
 There are 10226 input ports with no input delay specified. (HIGH)

 There are 0 input ports with no input delay but user has a false path constraint.


6. checking no_output_delay
---------------------------
 There are 1099 ports with no output delay specified. (HIGH)

 There are 0 ports with no output delay but user has a false path constraint

 There are 0 ports with no output delay but with a timing clock defined on it or propagating through it


7. checking multiple_clock
--------------------------
 There are 0 register/latch pins with multiple clocks.


8. checking generated_clocks
----------------------------
 There are 0 generated clocks that are not connected to a clock source.


9. checking loops
-----------------
 There are 0 combinational loops in the design.


10. checking partial_input_delay
--------------------------------
 There are 0 input ports with partial input delay specified.


11. checking partial_output_delay
---------------------------------
 There are 0 ports with partial output delay specified.


12. checking latch_loops
------------------------
 There are 0 combinational latch loops in the design through latch input



------------------------------------------------------------------------------------------------
| Design Timing Summary
| ---------------------
------------------------------------------------------------------------------------------------

    WNS(ns)      TNS(ns)  TNS Failing Endpoints  TNS Total Endpoints      WHS(ns)      THS(ns)  THS Failing Endpoints  THS Total Endpoints     WPWS(ns)     TPWS(ns)  TPWS Failing Endpoints  TPWS Total Endpoints  
    -------      -------  ---------------------  -------------------      -------      -------  ---------------------  -------------------     --------     --------  ----------------------  --------------------  
     -0.274     -182.942                   3006               382358        0.019        0.000                      0               382358        0.816        0.000                       0                182491  


Timing constraints are not met.


------------------------------------------------------------------------------------------------
| Clock Summary
| -------------
------------------------------------------------------------------------------------------------

Clock   Waveform(ns)         Period(ns)      Frequency(MHz)
-----   ------------         ----------      --------------
ap_clk  {0.000 1.389}        2.778           359.971         


------------------------------------------------------------------------------------------------
| Intra Clock Table
| -----------------
------------------------------------------------------------------------------------------------

Clock             WNS(ns)      TNS(ns)  TNS Failing Endpoints  TNS Total Endpoints      WHS(ns)      THS(ns)  THS Failing Endpoints  THS Total Endpoints     WPWS(ns)     TPWS(ns)  TPWS Failing Endpoints  TPWS Total Endpoints  
-----             -------      -------  ---------------------  -------------------      -------      -------  ---------------------  -------------------     --------     --------  ----------------------  --------------------  
ap_clk             -0.274     -182.942                   3006               382358        0.019        0.000                      0               382358        0.816        0.000                       0                182491  


------------------------------------------------------------------------------------------------
| Inter Clock Table
| -----------------
------------------------------------------------------------------------------------------------

From Clock    To Clock          WNS(ns)      TNS(ns)  TNS Failing Endpoints  TNS Total Endpoints      WHS(ns)      THS(ns)  THS Failing Endpoints  THS Total Endpoints  
----------    --------          -------      -------  ---------------------  -------------------      -------      -------  ---------------------  -------------------  


------------------------------------------------------------------------------------------------
| Other Path Groups Table
| -----------------------
------------------------------------------------------------------------------------------------

Path Group    From Clock    To Clock          WNS(ns)      TNS(ns)  TNS Failing Endpoints  TNS Total Endpoints      WHS(ns)      THS(ns)  THS Failing Endpoints  THS Total Endpoints  
----------    ----------    --------          -------      -------  ---------------------  -------------------      -------      -------  ---------------------  -------------------  


------------------------------------------------------------------------------------------------
| Timing Details
| --------------
------------------------------------------------------------------------------------------------


---------------------------------------------------------------------------------------------------
From Clock:  ap_clk
  To Clock:  ap_clk

Setup :         3006  Failing Endpoints,  Worst Slack       -0.274ns,  Total Violation     -182.942ns
Hold  :            0  Failing Endpoints,  Worst Slack        0.019ns,  Total Violation        0.000ns
PW    :            0  Failing Endpoints,  Worst Slack        0.816ns,  Total Violation        0.000ns
---------------------------------------------------------------------------------------------------


Max Delay Paths
--------------------------------------------------------------------------------------
Slack (VIOLATED) :        -0.274ns  (required time - arrival time)
  Source:                 bd_0_i/hls_inst/inst/grp_getRegion3x4_fu_658/temp_11_15_energy_2_reg_10670_pp0_iter12_reg_reg[0]/C
                            (rising edge-triggered cell FDRE clocked by ap_clk  {rise@0.000ns fall@1.389ns period=2.778ns})
  Destination:            bd_0_i/hls_inst/inst/grp_getRegion3x4_fu_658/grp_getClusterValues_fu_2518/eta_slice_3_V_493_reg_24620_reg[11]/D
                            (rising edge-triggered cell FDRE clocked by ap_clk  {rise@0.000ns fall@1.389ns period=2.778ns})
  Path Group:             ap_clk
  Path Type:              Setup (Max at Slow Process Corner)
  Requirement:            2.778ns  (ap_clk rise@2.778ns - ap_clk rise@0.000ns)
  Data Path Delay:        3.033ns  (logic 1.166ns (38.444%)  route 1.867ns (61.556%))
  Logic Levels:           7  (CARRY8=3 LUT3=2 LUT4=2)
  Clock Path Skew:        -0.011ns (DCD - SCD + CPR)
    Destination Clock Delay (DCD):    0.026ns = ( 2.804 - 2.778 ) 
    Source Clock Delay      (SCD):    0.037ns
    Clock Pessimism Removal (CPR):    0.000ns
  Clock Uncertainty:      0.035ns  ((TSJ^2 + TIJ^2)^1/2 + DJ) / 2 + PE
    Total System Jitter     (TSJ):    0.071ns
    Total Input Jitter      (TIJ):    0.000ns
    Discrete Jitter          (DJ):    0.000ns
    Phase Error              (PE):    0.000ns

    Location             Delay type                Incr(ns)  Path(ns)    Netlist Resource(s)
  -------------------------------------------------------------------    -------------------
                         (clock ap_clk rise edge)     0.000     0.000 r  
                                                      0.000     0.000 r  ap_clk (IN)
                         net (fo=182490, unset)       0.037     0.037    bd_0_i/hls_inst/inst/grp_getRegion3x4_fu_658/ap_clk
    SLICE_X72Y421        FDRE                                         r  bd_0_i/hls_inst/inst/grp_getRegion3x4_fu_658/temp_11_15_energy_2_reg_10670_pp0_iter12_reg_reg[0]/C
  -------------------------------------------------------------------    -------------------
    SLICE_X72Y421        FDRE (Prop_AFF_SLICEM_C_Q)
                                                      0.093     0.130 r  bd_0_i/hls_inst/inst/grp_getRegion3x4_fu_658/temp_11_15_energy_2_reg_10670_pp0_iter12_reg_reg[0]/Q
                         net (fo=15, routed)          0.916     1.046    bd_0_i/hls_inst/inst/grp_getRegion3x4_fu_658/temp_11_15_energy_2_reg_10670_pp0_iter12_reg[0]
    SLICE_X68Y467        LUT3 (Prop_A5LUT_SLICEM_I0_O)
                                                      0.122     1.168 r  bd_0_i/hls_inst/inst/grp_getRegion3x4_fu_658/eta_slice_3_V_493_reg_24620[11]_i_20/O
                         net (fo=2, routed)           0.187     1.355    bd_0_i/hls_inst/inst/grp_getRegion3x4_fu_658/eta_slice_3_V_493_reg_24620[11]_i_20_n_0
    SLICE_X68Y467        LUT4 (Prop_B6LUT_SLICEM_I3_O)
                                                      0.150     1.505 r  bd_0_i/hls_inst/inst/grp_getRegion3x4_fu_658/eta_slice_3_V_493_reg_24620[11]_i_27/O
                         net (fo=1, routed)           0.018     1.523    bd_0_i/hls_inst/inst/grp_getRegion3x4_fu_658/eta_slice_3_V_493_reg_24620[11]_i_27_n_0
    SLICE_X68Y467        CARRY8 (Prop_CARRY8_SLICEM_S[1]_O[3])
                                                      0.156     1.679 r  bd_0_i/hls_inst/inst/grp_getRegion3x4_fu_658/eta_slice_3_V_493_reg_24620_reg[11]_i_8/O[3]
                         net (fo=4, routed)           0.372     2.051    bd_0_i/hls_inst/inst/grp_getRegion3x4_fu_658/grp_getClusterValues_fu_2518/eta_slice_3_V_493_reg_24620_reg[11]_2[3]
    SLICE_X70Y468        LUT3 (Prop_D5LUT_SLICEM_I2_O)
                                                      0.195     2.246 r  bd_0_i/hls_inst/inst/grp_getRegion3x4_fu_658/grp_getClusterValues_fu_2518/eta_slice_3_V_493_reg_24620[7]_i_5/O
                         net (fo=2, routed)           0.299     2.545    bd_0_i/hls_inst/inst/grp_getRegion3x4_fu_658/grp_getClusterValues_fu_2518/eta_slice_3_V_493_reg_24620[7]_i_5_n_0
    SLICE_X70Y468        LUT4 (Prop_E6LUT_SLICEM_I3_O)
                                                      0.148     2.693 r  bd_0_i/hls_inst/inst/grp_getRegion3x4_fu_658/grp_getClusterValues_fu_2518/eta_slice_3_V_493_reg_24620[7]_i_12/O
                         net (fo=1, routed)           0.015     2.708    bd_0_i/hls_inst/inst/grp_getRegion3x4_fu_658/grp_getClusterValues_fu_2518/eta_slice_3_V_493_reg_24620[7]_i_12_n_0
    SLICE_X70Y468        CARRY8 (Prop_CARRY8_SLICEM_S[4]_CO[7])
                                                      0.198     2.906 r  bd_0_i/hls_inst/inst/grp_getRegion3x4_fu_658/grp_getClusterValues_fu_2518/eta_slice_3_V_493_reg_24620_reg[7]_i_1/CO[7]
                         net (fo=1, routed)           0.028     2.934    bd_0_i/hls_inst/inst/grp_getRegion3x4_fu_658/grp_getClusterValues_fu_2518/eta_slice_3_V_493_reg_24620_reg[7]_i_1_n_0
    SLICE_X70Y469        CARRY8 (Prop_CARRY8_SLICEM_CI_O[3])
                                                      0.104     3.038 r  bd_0_i/hls_inst/inst/grp_getRegion3x4_fu_658/grp_getClusterValues_fu_2518/eta_slice_3_V_493_reg_24620_reg[11]_i_1/O[3]
                         net (fo=1, routed)           0.032     3.070    bd_0_i/hls_inst/inst/grp_getRegion3x4_fu_658/grp_getClusterValues_fu_2518/eta_slice_3_V_493_fu_11666_p2[11]
    SLICE_X70Y469        FDRE                                         r  bd_0_i/hls_inst/inst/grp_getRegion3x4_fu_658/grp_getClusterValues_fu_2518/eta_slice_3_V_493_reg_24620_reg[11]/D
  -------------------------------------------------------------------    -------------------

                         (clock ap_clk rise edge)     2.778     2.778 r  
                                                      0.000     2.778 r  ap_clk (IN)
                         net (fo=182490, unset)       0.026     2.804    bd_0_i/hls_inst/inst/grp_getRegion3x4_fu_658/grp_getClusterValues_fu_2518/ap_clk
    SLICE_X70Y469        FDRE                                         r  bd_0_i/hls_inst/inst/grp_getRegion3x4_fu_658/grp_getClusterValues_fu_2518/eta_slice_3_V_493_reg_24620_reg[11]/C
                         clock pessimism              0.000     2.804    
                         clock uncertainty           -0.035     2.769    
    SLICE_X70Y469        FDRE (Setup_DFF_SLICEM_C_D)
                                                      0.027     2.796    bd_0_i/hls_inst/inst/grp_getRegion3x4_fu_658/grp_getClusterValues_fu_2518/eta_slice_3_V_493_reg_24620_reg[11]
  -------------------------------------------------------------------
                         required time                          2.796    
                         arrival time                          -3.070    
  -------------------------------------------------------------------
                         slack                                 -0.274    





Min Delay Paths
--------------------------------------------------------------------------------------
Slack (MET) :             0.019ns  (arrival time - required time)
  Source:                 bd_0_i/hls_inst/inst/grp_getRegion3x4_fu_964/grp_getBremsValuesNeg_fu_3055/select_ln780_163_reg_22869_reg[9]/C
                            (rising edge-triggered cell FDRE clocked by ap_clk  {rise@0.000ns fall@1.389ns period=2.778ns})
  Destination:            bd_0_i/hls_inst/inst/grp_getRegion3x4_fu_964/grp_getBremsValuesNeg_fu_3055/select_ln780_163_reg_22869_pp0_iter2_reg_reg[9]/D
                            (rising edge-triggered cell FDRE clocked by ap_clk  {rise@0.000ns fall@1.389ns period=2.778ns})
  Path Group:             ap_clk
  Path Type:              Hold (Min at Fast Process Corner)
  Requirement:            0.000ns  (ap_clk rise@0.000ns - ap_clk rise@0.000ns)
  Data Path Delay:        0.072ns  (logic 0.039ns (54.167%)  route 0.033ns (45.833%))
  Logic Levels:           0  
  Clock Path Skew:        0.006ns (DCD - SCD - CPR)
    Destination Clock Delay (DCD):    0.018ns
    Source Clock Delay      (SCD):    0.012ns
    Clock Pessimism Removal (CPR):    -0.000ns

    Location             Delay type                Incr(ns)  Path(ns)    Netlist Resource(s)
  -------------------------------------------------------------------    -------------------
                         (clock ap_clk rise edge)     0.000     0.000 r  
                                                      0.000     0.000 r  ap_clk (IN)
                         net (fo=182490, unset)       0.012     0.012    bd_0_i/hls_inst/inst/grp_getRegion3x4_fu_964/grp_getBremsValuesNeg_fu_3055/ap_clk
    SLICE_X82Y398        FDRE                                         r  bd_0_i/hls_inst/inst/grp_getRegion3x4_fu_964/grp_getBremsValuesNeg_fu_3055/select_ln780_163_reg_22869_reg[9]/C
  -------------------------------------------------------------------    -------------------
    SLICE_X82Y398        FDRE (Prop_DFF_SLICEL_C_Q)
                                                      0.039     0.051 r  bd_0_i/hls_inst/inst/grp_getRegion3x4_fu_964/grp_getBremsValuesNeg_fu_3055/select_ln780_163_reg_22869_reg[9]/Q
                         net (fo=1, routed)           0.033     0.084    bd_0_i/hls_inst/inst/grp_getRegion3x4_fu_964/grp_getBremsValuesNeg_fu_3055/select_ln780_163_reg_22869[9]
    SLICE_X82Y398        FDRE                                         r  bd_0_i/hls_inst/inst/grp_getRegion3x4_fu_964/grp_getBremsValuesNeg_fu_3055/select_ln780_163_reg_22869_pp0_iter2_reg_reg[9]/D
  -------------------------------------------------------------------    -------------------

                         (clock ap_clk rise edge)     0.000     0.000 r  
                                                      0.000     0.000 r  ap_clk (IN)
                         net (fo=182490, unset)       0.018     0.018    bd_0_i/hls_inst/inst/grp_getRegion3x4_fu_964/grp_getBremsValuesNeg_fu_3055/ap_clk
    SLICE_X82Y398        FDRE                                         r  bd_0_i/hls_inst/inst/grp_getRegion3x4_fu_964/grp_getBremsValuesNeg_fu_3055/select_ln780_163_reg_22869_pp0_iter2_reg_reg[9]/C
                         clock pessimism              0.000     0.018    
    SLICE_X82Y398        FDRE (Hold_CFF2_SLICEL_C_D)
                                                      0.047     0.065    bd_0_i/hls_inst/inst/grp_getRegion3x4_fu_964/grp_getBremsValuesNeg_fu_3055/select_ln780_163_reg_22869_pp0_iter2_reg_reg[9]
  -------------------------------------------------------------------
                         required time                         -0.065    
                         arrival time                           0.084    
  -------------------------------------------------------------------
                         slack                                  0.019    





Pulse Width Checks
--------------------------------------------------------------------------------------
Clock Name:         ap_clk
Waveform(ns):       { 0.000 1.389 }
Period(ns):         2.778
Sources:            { ap_clk }

Check Type        Corner  Lib Pin     Reference Pin  Required(ns)  Actual(ns)  Slack(ns)  Location       Pin
Min Period        n/a     SRL16E/CLK  n/a            1.146         2.778       1.632      SLICE_X99Y459  bd_0_i/hls_inst/inst/grp_getRegion3x4_fu_658/temp_1_11_energy_V_3_reg_12405_pp0_iter2_reg_reg[9]_srl3/CLK
Low Pulse Width   Slow    SRL16E/CLK  n/a            0.573         1.389       0.816      SLICE_X99Y459  bd_0_i/hls_inst/inst/grp_getRegion3x4_fu_658/temp_1_11_energy_V_3_reg_12405_pp0_iter2_reg_reg[9]_srl3/CLK
High Pulse Width  Slow    SRL16E/CLK  n/a            0.573         1.389       0.816      SLICE_X99Y459  bd_0_i/hls_inst/inst/grp_getRegion3x4_fu_658/temp_1_11_energy_V_3_reg_12405_pp0_iter2_reg_reg[9]_srl3/CLK



